{"/home/victorze/fun/learn/clean/contacts-api/src/server.ts": {"path":"/home/victorze/fun/learn/clean/contacts-api/src/server.ts","statementMap":{"0":{"start":{"line":1,"column":0},"end":{"line":1,"column":29}},"1":{"start":{"line":3,"column":15},"end":{"line":3,"column":24}},"2":{"start":{"line":4,"column":0},"end":{"line":4,"column":null}},"3":{"start":{"line":5,"column":0},"end":{"line":5,"column":null}}},"fnMap":{},"branchMap":{},"s":{"0":1,"1":1,"2":1,"3":1},"f":{},"b":{}}
,"/home/victorze/fun/learn/clean/contacts-api/src/data/data-sources/mongodb/mongodb-contact-data-source.ts": {"path":"/home/victorze/fun/learn/clean/contacts-api/src/data/data-sources/mongodb/mongodb-contact-data-source.ts","statementMap":{"0":{"start":{"line":6,"column":22},"end":{"line":6,"column":47}},"1":{"start":{"line":9,"column":19},"end":{"line":9,"column":57}},"2":{"start":{"line":10,"column":4},"end":{"line":10,"column":null}},"3":{"start":{"line":14,"column":19},"end":{"line":14,"column":47}},"4":{"start":{"line":15,"column":4},"end":{"line":20,"column":null}},"5":{"start":{"line":15,"column":33},"end":{"line":20,"column":6}},"6":{"start":{"line":5,"column":0},"end":{"line":5,"column":13}}},"fnMap":{"0":{"name":"(anonymous_7)","decl":{"start":{"line":6,"column":2},"end":{"line":6,"column":22}},"loc":{"start":{"line":6,"column":47},"end":{"line":6,"column":51}}},"1":{"name":"(anonymous_8)","decl":{"start":{"line":8,"column":8},"end":{"line":8,"column":14}},"loc":{"start":{"line":8,"column":31},"end":{"line":11,"column":null}}},"2":{"name":"(anonymous_10)","decl":{"start":{"line":13,"column":8},"end":{"line":13,"column":14}},"loc":{"start":{"line":13,"column":14},"end":{"line":21,"column":null}}},"3":{"name":"(anonymous_12)","decl":{"start":{"line":15,"column":22},"end":{"line":15,"column":23}},"loc":{"start":{"line":15,"column":33},"end":{"line":20,"column":6}}}},"branchMap":{},"s":{"0":2,"1":1,"2":1,"3":1,"4":1,"5":1,"6":1},"f":{"0":2,"1":1,"2":1,"3":1},"b":{}}
,"/home/victorze/fun/learn/clean/contacts-api/src/domain/repositories/contact-repository.ts": {"path":"/home/victorze/fun/learn/clean/contacts-api/src/domain/repositories/contact-repository.ts","statementMap":{"0":{"start":{"line":6,"column":22},"end":{"line":6,"column":58}},"1":{"start":{"line":9,"column":19},"end":{"line":9,"column":63}},"2":{"start":{"line":10,"column":4},"end":{"line":10,"column":null}},"3":{"start":{"line":14,"column":19},"end":{"line":14,"column":56}},"4":{"start":{"line":15,"column":4},"end":{"line":15,"column":null}},"5":{"start":{"line":5,"column":0},"end":{"line":5,"column":13}}},"fnMap":{"0":{"name":"(anonymous_7)","decl":{"start":{"line":6,"column":2},"end":{"line":6,"column":22}},"loc":{"start":{"line":6,"column":58},"end":{"line":6,"column":62}}},"1":{"name":"(anonymous_8)","decl":{"start":{"line":8,"column":8},"end":{"line":8,"column":21}},"loc":{"start":{"line":8,"column":38},"end":{"line":11,"column":null}}},"2":{"name":"(anonymous_10)","decl":{"start":{"line":13,"column":8},"end":{"line":13,"column":19}},"loc":{"start":{"line":13,"column":19},"end":{"line":16,"column":null}}}},"branchMap":{},"s":{"0":2,"1":1,"2":1,"3":1,"4":1,"5":1},"f":{"0":2,"1":1,"2":1},"b":{}}
,"/home/victorze/fun/learn/clean/contacts-api/src/domain/use-cases/contact/create-contact.ts": {"path":"/home/victorze/fun/learn/clean/contacts-api/src/domain/use-cases/contact/create-contact.ts","statementMap":{"0":{"start":{"line":6,"column":22},"end":{"line":6,"column":58}},"1":{"start":{"line":9,"column":19},"end":{"line":9,"column":70}},"2":{"start":{"line":10,"column":4},"end":{"line":10,"column":null}},"3":{"start":{"line":5,"column":0},"end":{"line":5,"column":13}}},"fnMap":{"0":{"name":"(anonymous_7)","decl":{"start":{"line":6,"column":2},"end":{"line":6,"column":22}},"loc":{"start":{"line":6,"column":58},"end":{"line":6,"column":62}}},"1":{"name":"(anonymous_8)","decl":{"start":{"line":8,"column":8},"end":{"line":8,"column":15}},"loc":{"start":{"line":8,"column":32},"end":{"line":11,"column":null}}}},"branchMap":{},"s":{"0":1,"1":1,"2":1,"3":1},"f":{"0":1,"1":1},"b":{}}
,"/home/victorze/fun/learn/clean/contacts-api/src/domain/use-cases/contact/get-all-contacts.ts": {"path":"/home/victorze/fun/learn/clean/contacts-api/src/domain/use-cases/contact/get-all-contacts.ts","statementMap":{"0":{"start":{"line":6,"column":22},"end":{"line":6,"column":58}},"1":{"start":{"line":9,"column":19},"end":{"line":9,"column":61}},"2":{"start":{"line":10,"column":4},"end":{"line":10,"column":null}},"3":{"start":{"line":5,"column":0},"end":{"line":5,"column":13}}},"fnMap":{"0":{"name":"(anonymous_7)","decl":{"start":{"line":6,"column":2},"end":{"line":6,"column":22}},"loc":{"start":{"line":6,"column":58},"end":{"line":6,"column":62}}},"1":{"name":"(anonymous_8)","decl":{"start":{"line":8,"column":8},"end":{"line":8,"column":15}},"loc":{"start":{"line":8,"column":15},"end":{"line":11,"column":null}}}},"branchMap":{},"s":{"0":1,"1":1,"2":1,"3":1},"f":{"0":1,"1":1},"b":{}}
,"/home/victorze/fun/learn/clean/contacts-api/src/presentation/routes/contact-router.ts": {"path":"/home/victorze/fun/learn/clean/contacts-api/src/presentation/routes/contact-router.ts","statementMap":{"0":{"start":{"line":1,"column":0},"end":{"line":1,"column":29}},"1":{"start":{"line":10,"column":17},"end":{"line":10,"column":33}},"2":{"start":{"line":12,"column":2},"end":{"line":19,"column":null}},"3":{"start":{"line":12,"column":57},"end":{"line":19,"column":4}},"4":{"start":{"line":13,"column":4},"end":{"line":18,"column":null}},"5":{"start":{"line":14,"column":23},"end":{"line":14,"column":60}},"6":{"start":{"line":15,"column":6},"end":{"line":15,"column":null}},"7":{"start":{"line":17,"column":6},"end":{"line":17,"column":null}},"8":{"start":{"line":21,"column":2},"end":{"line":29,"column":null}},"9":{"start":{"line":21,"column":57},"end":{"line":29,"column":4}},"10":{"start":{"line":22,"column":4},"end":{"line":28,"column":null}},"11":{"start":{"line":23,"column":6},"end":{"line":23,"column":null}},"12":{"start":{"line":24,"column":6},"end":{"line":24,"column":null}},"13":{"start":{"line":25,"column":6},"end":{"line":25,"column":null}},"14":{"start":{"line":27,"column":6},"end":{"line":27,"column":null}},"15":{"start":{"line":31,"column":2},"end":{"line":31,"column":null}},"16":{"start":{"line":6,"column":0},"end":{"line":6,"column":24}}},"fnMap":{"0":{"name":"ContactsRouter","decl":{"start":{"line":6,"column":24},"end":{"line":6,"column":38}},"loc":{"start":{"line":8,"column":44},"end":{"line":32,"column":1}}},"1":{"name":"(anonymous_9)","decl":{"start":{"line":12,"column":18},"end":{"line":12,"column":25}},"loc":{"start":{"line":12,"column":57},"end":{"line":19,"column":4}}},"2":{"name":"(anonymous_10)","decl":{"start":{"line":12,"column":57},"end":{"line":12,"column":null}},"loc":{"start":{"line":12,"column":57},"end":{"line":19,"column":3}}},"3":{"name":"(anonymous_11)","decl":{"start":{"line":21,"column":19},"end":{"line":21,"column":26}},"loc":{"start":{"line":21,"column":57},"end":{"line":29,"column":4}}},"4":{"name":"(anonymous_12)","decl":{"start":{"line":21,"column":57},"end":{"line":21,"column":null}},"loc":{"start":{"line":21,"column":57},"end":{"line":29,"column":3}}}},"branchMap":{},"s":{"0":1,"1":1,"2":1,"3":2,"4":2,"5":2,"6":1,"7":1,"8":1,"9":2,"10":2,"11":2,"12":1,"13":1,"14":1,"15":1,"16":1},"f":{"0":1,"1":2,"2":2,"3":2,"4":2},"b":{}}
}
