TN:
SF:src/server.ts
FNF:0
FNH:0
DA:1,1
DA:3,1
DA:4,1
DA:5,1
LF:4
LH:4
BRF:0
BRH:0
end_of_record
TN:
SF:src/data/data-sources/mongodb/mongodb-contact-data-source.ts
FN:6,(anonymous_7)
FN:8,(anonymous_8)
FN:13,(anonymous_10)
FN:15,(anonymous_12)
FNF:4
FNH:4
FNDA:2,(anonymous_7)
FNDA:1,(anonymous_8)
FNDA:1,(anonymous_10)
FNDA:1,(anonymous_12)
DA:5,1
DA:6,2
DA:9,1
DA:10,1
DA:14,1
DA:15,1
LF:6
LH:6
BRF:0
BRH:0
end_of_record
TN:
SF:src/domain/repositories/contact-repository.ts
FN:6,(anonymous_7)
FN:8,(anonymous_8)
FN:13,(anonymous_10)
FNF:3
FNH:3
FNDA:2,(anonymous_7)
FNDA:1,(anonymous_8)
FNDA:1,(anonymous_10)
DA:5,1
DA:6,2
DA:9,1
DA:10,1
DA:14,1
DA:15,1
LF:6
LH:6
BRF:0
BRH:0
end_of_record
TN:
SF:src/domain/use-cases/contact/create-contact.ts
FN:6,(anonymous_7)
FN:8,(anonymous_8)
FNF:2
FNH:2
FNDA:1,(anonymous_7)
FNDA:1,(anonymous_8)
DA:5,1
DA:6,1
DA:9,1
DA:10,1
LF:4
LH:4
BRF:0
BRH:0
end_of_record
TN:
SF:src/domain/use-cases/contact/get-all-contacts.ts
FN:6,(anonymous_7)
FN:8,(anonymous_8)
FNF:2
FNH:2
FNDA:1,(anonymous_7)
FNDA:1,(anonymous_8)
DA:5,1
DA:6,1
DA:9,1
DA:10,1
LF:4
LH:4
BRF:0
BRH:0
end_of_record
TN:
SF:src/presentation/routes/contact-router.ts
FN:6,ContactsRouter
FN:12,(anonymous_9)
FN:12,(anonymous_10)
FN:21,(anonymous_11)
FN:21,(anonymous_12)
FNF:5
FNH:5
FNDA:1,ContactsRouter
FNDA:2,(anonymous_9)
FNDA:2,(anonymous_10)
FNDA:2,(anonymous_11)
FNDA:2,(anonymous_12)
DA:1,1
DA:6,1
DA:10,1
DA:12,2
DA:13,2
DA:14,2
DA:15,1
DA:17,1
DA:21,2
DA:22,2
DA:23,2
DA:24,1
DA:25,1
DA:27,1
DA:31,1
LF:15
LH:15
BRF:0
BRH:0
end_of_record
